<?xml version="1.0" encoding="UTF-8"?>
<!-- Generated by org.testng.reporters.JUnitReportReporter -->
<testsuite hostname="guxiaoting" name="com.bawei.auto.NewTest" tests="1" failures="0" timestamp="19 Feb 2019 01:18:24 GMT" time="0.006" errors="0">
  <testcase name="f" time="0.006" classname="com.bawei.auto.NewTest"/>
</testsuite> <!-- com.bawei.auto.NewTest -->
